-------------------------------------------------------------------------------
Test set: com.orness.gandalf.core.service.workflowservice.WorkflowServiceApplicationTests
-------------------------------------------------------------------------------
Tests run: 1, Failures: 0, Errors: 1, Skipped: 0, Time elapsed: 2.736 s <<< FAILURE! - in com.orness.gandalf.core.service.workflowservice.WorkflowServiceApplicationTests
test(com.orness.gandalf.core.service.workflowservice.WorkflowServiceApplicationTests)  Time elapsed: 0.004 s  <<< ERROR!
java.lang.IllegalStateException: Failed to load ApplicationContext
Caused by: org.springframework.beans.factory.NoSuchBeanDefinitionException: No bean named 'configServerRetryInterceptor' available

